Determining if the pthread_create exist failed with the following output:
Change Dir: /home/yhr/github/action-province-robotlocation/build/CMakeFiles/CMakeTmp

Run Build Command:"/usr/bin/make" "cmTC_19918/fast"
/usr/bin/make -f CMakeFiles/cmTC_19918.dir/build.make CMakeFiles/cmTC_19918.dir/build
make[1]: Entering directory '/home/yhr/github/action-province-robotlocation/build/CMakeFiles/CMakeTmp'
Building C object CMakeFiles/cmTC_19918.dir/CheckSymbolExists.c.o
/usr/bin/cc     -o CMakeFiles/cmTC_19918.dir/CheckSymbolExists.c.o   -c /home/yhr/github/action-province-robotlocation/build/CMakeFiles/CMakeTmp/CheckSymbolExists.c
Linking C executable cmTC_19918
/usr/bin/cmake -E cmake_link_script CMakeFiles/cmTC_19918.dir/link.txt --verbose=1
/usr/bin/cc       CMakeFiles/cmTC_19918.dir/CheckSymbolExists.c.o  -o cmTC_19918 -rdynamic 
CMakeFiles/cmTC_19918.dir/CheckSymbolExists.c.o：在函数‘main’中：
CheckSymbolExists.c:(.text+0x16)：对‘pthread_create’未定义的引用
collect2: error: ld returned 1 exit status
CMakeFiles/cmTC_19918.dir/build.make:97: recipe for target 'cmTC_19918' failed
make[1]: *** [cmTC_19918] Error 1
make[1]: Leaving directory '/home/yhr/github/action-province-robotlocation/build/CMakeFiles/CMakeTmp'
Makefile:126: recipe for target 'cmTC_19918/fast' failed
make: *** [cmTC_19918/fast] Error 2

File /home/yhr/github/action-province-robotlocation/build/CMakeFiles/CMakeTmp/CheckSymbolExists.c:
/* */
#include <pthread.h>

int main(int argc, char** argv)
{
  (void)argv;
#ifndef pthread_create
  return ((int*)(&pthread_create))[argc];
#else
  (void)argc;
  return 0;
#endif
}

Determining if the function pthread_create exists in the pthreads failed with the following output:
Change Dir: /home/yhr/github/action-province-robotlocation/build/CMakeFiles/CMakeTmp

Run Build Command:"/usr/bin/make" "cmTC_84e20/fast"
/usr/bin/make -f CMakeFiles/cmTC_84e20.dir/build.make CMakeFiles/cmTC_84e20.dir/build
make[1]: Entering directory '/home/yhr/github/action-province-robotlocation/build/CMakeFiles/CMakeTmp'
Building C object CMakeFiles/cmTC_84e20.dir/CheckFunctionExists.c.o
/usr/bin/cc    -DCHECK_FUNCTION_EXISTS=pthread_create   -o CMakeFiles/cmTC_84e20.dir/CheckFunctionExists.c.o   -c /usr/share/cmake-3.5/Modules/CheckFunctionExists.c
Linking C executable cmTC_84e20
/usr/bin/cmake -E cmake_link_script CMakeFiles/cmTC_84e20.dir/link.txt --verbose=1
/usr/bin/cc   -DCHECK_FUNCTION_EXISTS=pthread_create    CMakeFiles/cmTC_84e20.dir/CheckFunctionExists.c.o  -o cmTC_84e20 -rdynamic -lpthreads 
/usr/bin/ld: 找不到 -lpthreads
collect2: error: ld returned 1 exit status
CMakeFiles/cmTC_84e20.dir/build.make:97: recipe for target 'cmTC_84e20' failed
make[1]: *** [cmTC_84e20] Error 1
make[1]: Leaving directory '/home/yhr/github/action-province-robotlocation/build/CMakeFiles/CMakeTmp'
Makefile:126: recipe for target 'cmTC_84e20/fast' failed
make: *** [cmTC_84e20/fast] Error 2


